
> rescue-chip@0.1.0 build
> next build

▲ Next.js 16.1.6 (Turbopack)
- Environments: .env.local
- Experiments (use with caution):
  · clientTraceMetadata

⚠ The "middleware" file convention is deprecated. Please use "proxy" instead. Learn more: https://nextjs.org/docs/messages/middleware-to-proxy
  Creating an optimized production build ...

-----
[1m[31mFATAL[39m[0m: An unexpected Turbopack error occurred. A panic log has been written to C:\Users\Usuario\AppData\Local\Temp\next-panic-a1fc89d2a7f9e7d20ed32fdaffc566c4.log.

To help make Turbopack better, report this error by ]8;;https://github.com/vercel/next.js/discussions/new?category=turbopack-error-report&title=Turbopack%20Error%3A%20%5Bproject%5D%2Fsrc%2Fapp%2Fglobals.css%20%5Bapp-client%5D%20%28css%29&body=Turbopack%20version%3A%20%6023c46498%60%0ANext.js%20version%3A%20%600.0.0%60%0A%0AError%20message%3A%0A%60%60%60%0A%5Bproject%5D%2Fsrc%2Fapp%2Fglobals.css%20%5Bapp-client%5D%20%28css%29%0A%0ACaused%20by%3A%0A-%20failed%20to%20convert%20rope%20into%20string%0A-%20invalid%20utf-8%20sequence%20of%201%20bytes%20from%20index%200%0A%0ADebug%20info%3A%0A-%20Execution%20of%20get_all_written_entrypoints_with_issues_operation%20failed%0A-%20Execution%20of%20EntrypointsOperation%3A%3Anew%20failed%0A-%20Execution%20of%20all_entrypoints_write_to_disk_operation%20failed%0A-%20Execution%20of%20Project%3A%3Aemit_all_output_assets%20failed%0A-%20Execution%20of%20%2Aemit_assets%20failed%0A-%20Execution%20of%20all_assets_from_entries_operation%20failed%0A-%20Execution%20of%20%2Aall_assets_from_entries%20failed%0A-%20Execution%20of%20output_assets_operation%20failed%0A-%20Execution%20of%20%3CMiddlewareEndpoint%20as%20Endpoint%3E%3A%3Aoutput%20failed%0A-%20Execution%20of%20MiddlewareEndpoint%3A%3Aoutput_assets%20failed%0A-%20Execution%20of%20MiddlewareEndpoint%3A%3Aedge_chunk_group%20failed%0A-%20Execution%20of%20%2Aevaluated_chunk_group_assets%20failed%0A-%20Execution%20of%20Project%3A%3Aedge_chunking_context%20failed%0A-%20Execution%20of%20%2Aget_edge_chunking_context%20failed%0A-%20Execution%20of%20Project%3A%3Amodule_ids%20failed%0A-%20Execution%20of%20whole_app_module_graph_operation%20failed%0A-%20Execution%20of%20%2AModuleGraph%3A%3Afrom_single_graph%20failed%0A-%20Execution%20of%20SingleModuleGraph%3A%3Anew_with_entries%20failed%0A-%20%5Bproject%5D%2Fsrc%2Fapp%2Fglobals.css%20%5Bapp-client%5D%20%28css%29%0A-%20Execution%20of%20primary_chunkable_referenced_modules%20failed%0A-%20Execution%20of%20%3CCssModuleAsset%20as%20Module%3E%3A%3Areferences%20failed%0A-%20Execution%20of%20parse_css%20failed%0A-%20Execution%20of%20%3CPostCssTransformedAsset%20as%20Asset%3E%3A%3Acontent%20failed%0A-%20Execution%20of%20PostCssTransformedAsset%3A%3Aprocess%20failed%0A-%20failed%20to%20convert%20rope%20into%20string%0A-%20invalid%20utf-8%20sequence%20of%201%20bytes%20from%20index%200%0A%60%60%60&labels=Turbopack,Turbopack%20Panic%20Backtrace\clicking here.]8;;\
-----


> Build error occurred
Error [TurbopackInternalError]: [project]/src/app/globals.css [app-client] (css)

Caused by:
- failed to convert rope into string
- invalid utf-8 sequence of 1 bytes from index 0

Debug info:
- Execution of get_all_written_entrypoints_with_issues_operation failed
- Execution of EntrypointsOperation::new failed
- Execution of all_entrypoints_write_to_disk_operation failed
- Execution of Project::emit_all_output_assets failed
- Execution of *emit_assets failed
- Execution of all_assets_from_entries_operation failed
- Execution of *all_assets_from_entries failed
- Execution of output_assets_operation failed
- Execution of <MiddlewareEndpoint as Endpoint>::output failed
- Execution of MiddlewareEndpoint::output_assets failed
- Execution of MiddlewareEndpoint::edge_chunk_group failed
- Execution of *evaluated_chunk_group_assets failed
- Execution of Project::edge_chunking_context failed
- Execution of *get_edge_chunking_context failed
- Execution of Project::module_ids failed
- Execution of whole_app_module_graph_operation failed
- Execution of *ModuleGraph::from_single_graph failed
- Execution of SingleModuleGraph::new_with_entries failed
- [project]/src/app/globals.css [app-client] (css)
- Execution of primary_chunkable_referenced_modules failed
- Execution of <CssModuleAsset as Module>::references failed
- Execution of parse_css failed
- Execution of <PostCssTransformedAsset as Asset>::content failed
- Execution of PostCssTransformedAsset::process failed
- failed to convert rope into string
- invalid utf-8 sequence of 1 bytes from index 0
    at <unknown> (TurbopackInternalError: [project]/src/app/globals.css [app-client] (css)) {
  type: 'TurbopackInternalError',
  location: undefined
}
